<?xml version="1.0" encoding="UTF-8"?>
<!-- Generated by org.testng.reporters.JUnitReportReporter -->
<testsuite hostname="LAPTOP-UDD4NU00" failures="0" tests="1" name="cucumberOptions.TestNGTestRunner" time="7.083" errors="0" timestamp="2024-12-30T17:54:57 IST" skipped="0">
  <testcase classname="cucumberOptions.TestNGTestRunner" name="runScenario" time="7.083"/>
</testsuite> <!-- cucumberOptions.TestNGTestRunner -->
